info it worked if it ends with ok
verbose cli [ 'node', '/usr/local/bin/npm', 'start' ]
info using npm@1.1.21
info using node@v0.6.17
verbose config file /Users/lisawedeen/.npmrc
verbose config file /usr/local/etc/npmrc
verbose config file /usr/local/lib/node_modules/npm/npmrc
ERR! Error: ENOENT, open '/Users/lisawedeen/Desktop/programming/hackyale_intro/views/package.json'
ERR! You may report this log at:
ERR!     <http://github.com/isaacs/npm/issues>
ERR! or email it to:
ERR!     <npm-@googlegroups.com>
ERR! 
ERR! System Darwin 10.7.0
ERR! command "node" "/usr/local/bin/npm" "start"
ERR! cwd /Users/lisawedeen/Desktop/programming/hackyale_intro/views
ERR! node -v v0.6.17
ERR! npm -v 1.1.21
ERR! path /Users/lisawedeen/Desktop/programming/hackyale_intro/views/package.json
ERR! code ENOENT
ERR! message ENOENT, open '/Users/lisawedeen/Desktop/programming/hackyale_intro/views/package.json'
ERR! errno {}
verbose exit [ 1, true ]
